<?xml version="1.0" encoding="UTF-8"?>
<testsuite xmlns:xsi="http://www.w3.org/2001/XMLSchema-instance" xsi:noNamespaceSchemaLocation="https://maven.apache.org/surefire/maven-surefire-plugin/xsd/surefire-test-report.xsd" version="3.0.1" name="com.kevin.donation.AppTest" time="0.246" tests="6" errors="0" skipped="0" failures="0">
  <properties>
[...]
</properties>
  <testcase name="testValidDonation" classname="com.kevin.donation.AppTest" time="0.105">
    <system-out><![CDATA[Donation processed successfully: Kevin donated ₹1000.0
]]></system-out>
  </testcase>
  <testcase name="testInvalidPaymentMethod" classname="com.kevin.donation.AppTest" time="0.006"/>
  <testcase name="testInvalidDonorName" classname="com.kevin.donation.AppTest" time="0.004"/>
  <testcase name="testInvalidAmount" classname="com.kevin.donation.AppTest" time="0.004"/>
  <testcase name="testMultipleDonations" classname="com.kevin.donation.AppTest" time="0.003">
    <system-out><![CDATA[Donation processed successfully: Kevin donated ₹1000.0
Donation processed successfully: John donated ₹500.0
]]></system-out>
  </testcase>
  <testcase name="testZeroAmount" classname="com.kevin.donation.AppTest" time="0.004"/>
</testsuite>